<?xml version='1.0' encoding='UTF-8'?>
<testsuite hostname="MacBook-Air-de-Nassim.local" name="TestUnitaire.ServiceVenteTest" tests="6" errors="0" failures="0" skipped="0" time="5.696" timestamp="2024-12-24T22:53:26">
          <properties>
[...]
</properties>
          <testcase classname="TestUnitaire.ServiceVenteTest" name="formatter() should split HTT_TVA into HTT and TVA columns" time="2.232">
                      
                    </testcase><testcase classname="TestUnitaire.ServiceVenteTest" name="calculTTC() should calculate the correct TTC values" time="0.196">
                      
                    </testcase><testcase classname="TestUnitaire.ServiceVenteTest" name="MainBatch should correctly handle CSV configuration" time="1.526">
                      
                    </testcase><testcase classname="TestUnitaire.ServiceVenteTest" name="MainBatch should correctly handle JSON configuration" time="0.457">
                      
                    </testcase><testcase classname="TestUnitaire.ServiceVenteTest" name="MainBatch should correctly handle XML configuration" time="1.052">
                      
                    </testcase><testcase classname="TestUnitaire.ServiceVenteTest" name="contratStatus() should correctly add Contrat_Status column" time="0.233">
                      
                    </testcase>
          <system-out><![CDATA[]]></system-out>
          <system-err><![CDATA[]]></system-err>
        </testsuite>